PLINK v1.90b6.21 64-bit (19 Oct 2020)
Options in effect:
  --allow-extra-chr
  --double-id
  --extract TE_linkage.prune.in
  --make-bed
  --out TE_pca
  --pca
  --set-missing-var-ids @:#
  --vcf TE_sorted.vcf
  --vcf-half-call m

Hostname: virtual-machine
Working directory: /home/shadi/Desktop/S3_Project/pca
Start time: Sun May 19 02:12:35 2024

Random number seed: 1716077555
11632 MB RAM detected; reserving 5816 MB for main workspace.
--vcf: TE_pca-temporary.bed + TE_pca-temporary.bim + TE_pca-temporary.fam
written.
6407 variants loaded from .bim file.
45 people (0 males, 0 females, 45 ambiguous) loaded from .fam.
Ambiguous sex IDs written to TE_pca.nosex .
--extract: 1924 variants remaining.
Using up to 6 threads (change this with --threads).
Before main variant filters, 45 founders and 0 nonfounders present.
Calculating allele frequencies... done.
Total genotyping rate is 0.989697.
1924 variants and 45 people pass filters and QC.
Note: No phenotypes present.
Excluding 54 variants on non-autosomes from relationship matrix calc.
Relationship matrix calculation complete.
--pca: Results saved to TE_pca.eigenval and TE_pca.eigenvec .
--make-bed to TE_pca.bed + TE_pca.bim + TE_pca.fam ... done.

End time: Sun May 19 02:12:35 2024
