PLINK v1.90b6.21 64-bit (19 Oct 2020)
Options in effect:
  --make-bed
  --out MergedVariants
  --vcf TE_norm_mm90_nochm13.vcf.gz
  --vcf-half-call m

Hostname: virtual-machine
Working directory: /home/shadi/Desktop/S3_Project/ohana/TE_ohana
Start time: Mon May 20 14:53:49 2024

Random number seed: 1716209629
11632 MB RAM detected; reserving 5816 MB for main workspace.
--vcf: MergedVariants-temporary.bed + MergedVariants-temporary.bim +
MergedVariants-temporary.fam written.
6114 variants loaded from .bim file.
44 people (0 males, 0 females, 44 ambiguous) loaded from .fam.
Ambiguous sex IDs written to MergedVariants.nosex .
Using 1 thread (no multithreaded calculations invoked).
Before main variant filters, 44 founders and 0 nonfounders present.
Calculating allele frequencies... done.
Total genotyping rate is 0.999405.
6114 variants and 44 people pass filters and QC.
Note: No phenotypes present.
--make-bed to MergedVariants.bed + MergedVariants.bim + MergedVariants.fam ...
done.

End time: Mon May 20 14:53:49 2024
