PLINK v1.90b6.21 64-bit (19 Oct 2020)
Options in effect:
  --geno 0.0
  --out TE
  --recode 12
  --tab
  --vcf TE_norm_mm90_nochm13.vcf.gz
  --vcf-half-call m

Hostname: virtual-machine
Working directory: /home/shadi/Desktop/S3_Project/ohana/TE_ohana
Start time: Mon May 20 14:54:17 2024

Note: --tab flag deprecated.  Use "--recode tab ...".
Random number seed: 1716209657
11632 MB RAM detected; reserving 5816 MB for main workspace.
--vcf: TE-temporary.bed + TE-temporary.bim + TE-temporary.fam written.
6114 variants loaded from .bim file.
44 people (0 males, 0 females, 44 ambiguous) loaded from .fam.
Ambiguous sex IDs written to TE.nosex .
Using 1 thread (no multithreaded calculations invoked).
Before main variant filters, 44 founders and 0 nonfounders present.
Calculating allele frequencies... done.
Total genotyping rate is 0.999405.
80 variants removed due to missing genotype data (--geno).
6034 variants and 44 people pass filters and QC.
Note: No phenotypes present.
--recode ped to TE.ped + TE.map ... done.

End time: Mon May 20 14:54:17 2024
